\BOOKMARK [0][-]{chapter.1}{\376\377\0001\000\040\000C\000l\000a\000s\000s\000\040\000I\000n\000d\000e\000x}{}% 1
\BOOKMARK [1][-]{section.1.1}{\376\377\0001\000.\0001\000\040\000C\000l\000a\000s\000s\000\040\000L\000i\000s\000t}{chapter.1}% 2
\BOOKMARK [0][-]{chapter.2}{\376\377\0002\000\040\000C\000l\000a\000s\000s\000\040\000D\000o\000c\000u\000m\000e\000n\000t\000a\000t\000i\000o\000n}{}% 3
\BOOKMARK [1][-]{section.2.1}{\376\377\0002\000.\0001\000\040\000\137\000W\000D\000I\000R\000\040\000S\000t\000r\000u\000c\000t\000\040\000R\000e\000f\000e\000r\000e\000n\000c\000e}{chapter.2}% 4
\BOOKMARK [1][-]{section.2.2}{\376\377\0002\000.\0002\000\040\000\137\000w\000d\000i\000r\000e\000n\000t\000\040\000S\000t\000r\000u\000c\000t\000\040\000R\000e\000f\000e\000r\000e\000n\000c\000e}{chapter.2}% 5
\BOOKMARK [1][-]{section.2.3}{\376\377\0002\000.\0003\000\040\000C\000N\000T\000\040\000C\000l\000a\000s\000s\000\040\000R\000e\000f\000e\000r\000e\000n\000c\000e}{chapter.2}% 6
\BOOKMARK [2][-]{subsection.2.3.1}{\376\377\0002\000.\0003\000.\0001\000\040\000C\000o\000n\000s\000t\000r\000u\000c\000t\000o\000r\000\040\000\046\000\040\000D\000e\000s\000t\000r\000u\000c\000t\000o\000r\000\040\000D\000o\000c\000u\000m\000e\000n\000t\000a\000t\000i\000o\000n}{section.2.3}% 7
\BOOKMARK [3][-]{subsubsection.2.3.1.1}{\376\377\0002\000.\0003\000.\0001\000.\0001\000\040\000C\000N\000T\000\050\000\051}{subsection.2.3.1}% 8
\BOOKMARK [3][-]{subsubsection.2.3.1.2}{\376\377\0002\000.\0003\000.\0001\000.\0002\000\040\000C\000N\000T\000\050\000c\000o\000n\000s\000t\000\040\000s\000t\000r\000i\000n\000g\000\040\000f\000i\000l\000e\000N\000a\000m\000e\000,\000\040\000c\000o\000n\000s\000t\000\040\000s\000t\000r\000i\000n\000g\000\040\000f\000i\000l\000e\000P\000a\000t\000h\000,\000\040\000d\000o\000u\000b\000l\000e\000\040\000s\000e\000g\000L\000e\000n\000M\000i\000n\000\051}{subsection.2.3.1}% 9
\BOOKMARK [2][-]{subsection.2.3.2}{\376\377\0002\000.\0003\000.\0002\000\040\000M\000e\000m\000b\000e\000r\000\040\000F\000u\000n\000c\000t\000i\000o\000n\000\040\000D\000o\000c\000u\000m\000e\000n\000t\000a\000t\000i\000o\000n}{section.2.3}% 10
\BOOKMARK [3][-]{subsubsection.2.3.2.1}{\376\377\0002\000.\0003\000.\0002\000.\0001\000\040\000g\000e\000t\000C\000N\000T\000N\000u\000m\000\050\000\051}{subsection.2.3.2}% 11
\BOOKMARK [3][-]{subsubsection.2.3.2.2}{\376\377\0002\000.\0003\000.\0002\000.\0002\000\040\000g\000e\000t\000C\000y\000l\000i\000n\000d\000e\000r\000H\000e\000i\000g\000h\000t\000\050\000\051}{subsection.2.3.2}% 12
\BOOKMARK [3][-]{subsubsection.2.3.2.3}{\376\377\0002\000.\0003\000.\0002\000.\0003\000\040\000g\000e\000t\000D\000i\000a\000m\000e\000t\000e\000r\000\050\000\051}{subsection.2.3.2}% 13
\BOOKMARK [3][-]{subsubsection.2.3.2.4}{\376\377\0002\000.\0003\000.\0002\000.\0004\000\040\000g\000e\000t\000L\000e\000n\000g\000t\000h\000\050\000\051}{subsection.2.3.2}% 14
\BOOKMARK [3][-]{subsubsection.2.3.2.5}{\376\377\0002\000.\0003\000.\0002\000.\0005\000\040\000g\000e\000t\000m\000\050\000\051}{subsection.2.3.2}% 15
\BOOKMARK [3][-]{subsubsection.2.3.2.6}{\376\377\0002\000.\0003\000.\0002\000.\0006\000\040\000g\000e\000t\000M\000i\000n\000S\000p\000a\000c\000i\000n\000g\000\050\000\051}{subsection.2.3.2}% 16
\BOOKMARK [3][-]{subsubsection.2.3.2.7}{\376\377\0002\000.\0003\000.\0002\000.\0007\000\040\000g\000e\000t\000n\000\050\000\051}{subsection.2.3.2}% 17
\BOOKMARK [3][-]{subsubsection.2.3.2.8}{\376\377\0002\000.\0003\000.\0002\000.\0008\000\040\000g\000e\000t\000T\000u\000b\000e\000S\000e\000p\000a\000r\000a\000t\000i\000o\000n\000\050\000\051}{subsection.2.3.2}% 18
\BOOKMARK [3][-]{subsubsection.2.3.2.9}{\376\377\0002\000.\0003\000.\0002\000.\0009\000\040\000i\000s\000I\000n\000i\000t\000i\000a\000l\000i\000z\000e\000d\000\050\000\051}{subsection.2.3.2}% 19
\BOOKMARK [1][-]{section.2.4}{\376\377\0002\000.\0004\000\040\000D\000I\000R\000\040\000S\000t\000r\000u\000c\000t\000\040\000R\000e\000f\000e\000r\000e\000n\000c\000e}{chapter.2}% 20
\BOOKMARK [1][-]{section.2.5}{\376\377\0002\000.\0005\000\040\000d\000i\000r\000e\000n\000t\000\040\000S\000t\000r\000u\000c\000t\000\040\000R\000e\000f\000e\000r\000e\000n\000c\000e}{chapter.2}% 21
\BOOKMARK [1][-]{section.2.6}{\376\377\0002\000.\0006\000\040\000e\000x\000c\000i\000t\000o\000n\000\040\000C\000l\000a\000s\000s\000\040\000R\000e\000f\000e\000r\000e\000n\000c\000e}{chapter.2}% 22
\BOOKMARK [2][-]{subsection.2.6.1}{\376\377\0002\000.\0006\000.\0001\000\040\000D\000e\000t\000a\000i\000l\000e\000d\000\040\000D\000e\000s\000c\000r\000i\000p\000t\000i\000o\000n}{section.2.6}% 23
\BOOKMARK [2][-]{subsection.2.6.2}{\376\377\0002\000.\0006\000.\0002\000\040\000C\000o\000n\000s\000t\000r\000u\000c\000t\000o\000r\000\040\000\046\000\040\000D\000e\000s\000t\000r\000u\000c\000t\000o\000r\000\040\000D\000o\000c\000u\000m\000e\000n\000t\000a\000t\000i\000o\000n}{section.2.6}% 24
\BOOKMARK [3][-]{subsubsection.2.6.2.1}{\376\377\0002\000.\0006\000.\0002\000.\0001\000\040\000e\000x\000c\000i\000t\000o\000n\000\050\000\051}{subsection.2.6.2}% 25
\BOOKMARK [3][-]{subsubsection.2.6.2.2}{\376\377\0002\000.\0006\000.\0002\000.\0002\000\040\000e\000x\000c\000i\000t\000o\000n\000\050\000i\000n\000t\000\040\000c\000i\000d\000x\000,\000\040\000i\000n\000t\000\040\000s\000i\000d\000x\000,\000\040\000i\000n\000t\000\040\000e\000n\000e\000r\000g\000y\000\051}{subsection.2.6.2}% 26
\BOOKMARK [3][-]{subsubsection.2.6.2.3}{\376\377\0002\000.\0006\000.\0002\000.\0003\000\040\000e\000x\000c\000i\000t\000o\000n\000\050\000\051}{subsection.2.6.2}% 27
\BOOKMARK [2][-]{subsection.2.6.3}{\376\377\0002\000.\0006\000.\0003\000\040\000M\000e\000m\000b\000e\000r\000\040\000F\000u\000n\000c\000t\000i\000o\000n\000\040\000D\000o\000c\000u\000m\000e\000n\000t\000a\000t\000i\000o\000n}{section.2.6}% 28
\BOOKMARK [3][-]{subsubsection.2.6.3.1}{\376\377\0002\000.\0006\000.\0003\000.\0001\000\040\000g\000e\000t\000C\000N\000T\000i\000d\000x\000\050\000\051}{subsection.2.6.3}% 29
\BOOKMARK [3][-]{subsubsection.2.6.3.2}{\376\377\0002\000.\0006\000.\0003\000.\0002\000\040\000g\000e\000t\000E\000n\000e\000r\000g\000y\000\050\000\051}{subsection.2.6.3}% 30
\BOOKMARK [3][-]{subsubsection.2.6.3.3}{\376\377\0002\000.\0006\000.\0003\000.\0003\000\040\000g\000e\000t\000S\000e\000g\000i\000d\000x\000\050\000\051}{subsection.2.6.3}% 31
\BOOKMARK [3][-]{subsubsection.2.6.3.4}{\376\377\0002\000.\0006\000.\0003\000.\0004\000\040\000s\000e\000t\000C\000N\000T\000i\000d\000x\000\050\000i\000n\000t\000\040\000c\000i\000d\000x\000\051}{subsection.2.6.3}% 32
\BOOKMARK [3][-]{subsubsection.2.6.3.5}{\376\377\0002\000.\0006\000.\0003\000.\0005\000\040\000s\000e\000t\000E\000n\000e\000r\000g\000y\000\050\000i\000n\000t\000\040\000e\000n\000e\000r\000g\000y\000\051}{subsection.2.6.3}% 33
\BOOKMARK [3][-]{subsubsection.2.6.3.6}{\376\377\0002\000.\0006\000.\0003\000.\0006\000\040\000s\000e\000t\000S\000e\000g\000i\000d\000x\000\050\000i\000n\000t\000\040\000s\000i\000d\000x\000\051}{subsection.2.6.3}% 34
\BOOKMARK [1][-]{section.2.7}{\376\377\0002\000.\0007\000\040\000s\000e\000g\000m\000e\000n\000t\000\040\000S\000t\000r\000u\000c\000t\000\040\000R\000e\000f\000e\000r\000e\000n\000c\000e}{chapter.2}% 35
\BOOKMARK [2][-]{subsection.2.7.1}{\376\377\0002\000.\0007\000.\0001\000\040\000M\000e\000m\000b\000e\000r\000\040\000F\000u\000n\000c\000t\000i\000o\000n\000\040\000D\000o\000c\000u\000m\000e\000n\000t\000a\000t\000i\000o\000n}{section.2.7}% 36
\BOOKMARK [3][-]{subsubsection.2.7.1.1}{\376\377\0002\000.\0007\000.\0001\000.\0001\000\040\000h\000a\000s\000E\000x\000a\000c\000t\000E\000x\000c\000i\000t\000o\000n\000\050\000s\000h\000a\000r\000e\000d\000\137\000p\000t\000r\000<\000\040\000e\000x\000c\000i\000t\000o\000n\000\040\000>\000\040\000e\000\051}{subsection.2.7.1}% 37
\BOOKMARK [3][-]{subsubsection.2.7.1.2}{\376\377\0002\000.\0007\000.\0001\000.\0002\000\040\000h\000a\000s\000E\000x\000c\000i\000t\000o\000n\000\050\000s\000h\000a\000r\000e\000d\000\137\000p\000t\000r\000<\000\040\000e\000x\000c\000i\000t\000o\000n\000\040\000>\000\040\000e\000\051}{subsection.2.7.1}% 38
\BOOKMARK [3][-]{subsubsection.2.7.1.3}{\376\377\0002\000.\0007\000.\0001\000.\0003\000\040\000r\000e\000m\000o\000v\000e\000E\000x\000c\000i\000t\000o\000n\000\050\000s\000h\000a\000r\000e\000d\000\137\000p\000t\000r\000<\000\040\000e\000x\000c\000i\000t\000o\000n\000\040\000>\000\040\000e\000\051}{subsection.2.7.1}% 39
\BOOKMARK [3][-]{subsubsection.2.7.1.4}{\376\377\0002\000.\0007\000.\0001\000.\0004\000\040\000s\000e\000t\000E\000x\000c\000i\000t\000o\000n\000\050\000s\000h\000a\000r\000e\000d\000\137\000p\000t\000r\000<\000\040\000e\000x\000c\000i\000t\000o\000n\000\040\000>\000\040\000e\000\051}{subsection.2.7.1}% 40
\BOOKMARK [1][-]{section.2.8}{\376\377\0002\000.\0008\000\040\000t\000a\000b\000l\000e\000E\000l\000e\000m\000\040\000C\000l\000a\000s\000s\000\040\000R\000e\000f\000e\000r\000e\000n\000c\000e}{chapter.2}% 41
\BOOKMARK [2][-]{subsection.2.8.1}{\376\377\0002\000.\0008\000.\0001\000\040\000C\000o\000n\000s\000t\000r\000u\000c\000t\000o\000r\000\040\000\046\000\040\000D\000e\000s\000t\000r\000u\000c\000t\000o\000r\000\040\000D\000o\000c\000u\000m\000e\000n\000t\000a\000t\000i\000o\000n}{section.2.8}% 42
\BOOKMARK [3][-]{subsubsection.2.8.1.1}{\376\377\0002\000.\0008\000.\0001\000.\0001\000\040\000t\000a\000b\000l\000e\000E\000l\000e\000m\000\050\000\051}{subsection.2.8.1}% 43
\BOOKMARK [3][-]{subsubsection.2.8.1.2}{\376\377\0002\000.\0008\000.\0001\000.\0002\000\040\000t\000a\000b\000l\000e\000E\000l\000e\000m\000\050\000d\000o\000u\000b\000l\000e\000\040\000r\000n\000e\000w\000,\000\040\000d\000o\000u\000b\000l\000e\000\040\000t\000,\000\040\000d\000o\000u\000b\000l\000e\000\040\000g\000,\000\040\000i\000n\000t\000\040\000t\000u\000b\000e\000,\000\040\000i\000n\000t\000\040\000s\000e\000g\000\051}{subsection.2.8.1}% 44
\BOOKMARK [3][-]{subsubsection.2.8.1.3}{\376\377\0002\000.\0008\000.\0001\000.\0003\000\040\000t\000a\000b\000l\000e\000E\000l\000e\000m\000\050\000\051}{subsection.2.8.1}% 45
\BOOKMARK [2][-]{subsection.2.8.2}{\376\377\0002\000.\0008\000.\0002\000\040\000M\000e\000m\000b\000e\000r\000\040\000F\000u\000n\000c\000t\000i\000o\000n\000\040\000D\000o\000c\000u\000m\000e\000n\000t\000a\000t\000i\000o\000n}{section.2.8}% 46
\BOOKMARK [3][-]{subsubsection.2.8.2.1}{\376\377\0002\000.\0008\000.\0002\000.\0001\000\040\000c\000a\000l\000c\000D\000i\000s\000t\000\050\000V\000e\000c\000t\000o\000r\0003\000d\000\040\000v\0001\000,\000\040\000V\000e\000c\000t\000o\000r\0003\000d\000\040\000v\0002\000\051}{subsection.2.8.2}% 47
\BOOKMARK [3][-]{subsubsection.2.8.2.2}{\376\377\0002\000.\0008\000.\0002\000.\0002\000\040\000c\000a\000l\000c\000T\000h\000e\000t\000\050\000v\000e\000c\000t\000o\000r\000<\000\040\000s\000h\000a\000r\000e\000d\000\137\000p\000t\000r\000<\000\040\000s\000e\000g\000m\000e\000n\000t\000\040\000>\000>\000:\000:\000i\000t\000e\000r\000a\000t\000o\000r\000\040\000s\0001\000,\000\040\000v\000e\000c\000t\000o\000r\000<\000\040\000s\000h\000a\000r\000e\000d\000\137\000p\000t\000r\000<\000\040\000s\000e\000g\000m\000e\000n\000t\000\040\000>\000>\000:\000:\000i\000t\000e\000r\000a\000t\000o\000r\000\040\000s\0002\000\051}{subsection.2.8.2}% 48
\BOOKMARK [3][-]{subsubsection.2.8.2.3}{\376\377\0002\000.\0008\000.\0002\000.\0003\000\040\000g\000e\000t\000G\000a\000m\000m\000a\000\050\000\051}{subsection.2.8.2}% 49
\BOOKMARK [3][-]{subsubsection.2.8.2.4}{\376\377\0002\000.\0008\000.\0002\000.\0004\000\040\000g\000e\000t\000r\000\050\000\051}{subsection.2.8.2}% 50
\BOOKMARK [3][-]{subsubsection.2.8.2.5}{\376\377\0002\000.\0008\000.\0002\000.\0005\000\040\000g\000e\000t\000R\000a\000t\000e\000\050\000\051}{subsection.2.8.2}% 51
\BOOKMARK [3][-]{subsubsection.2.8.2.6}{\376\377\0002\000.\0008\000.\0002\000.\0006\000\040\000g\000e\000t\000S\000e\000g\000i\000d\000x\000\050\000\051}{subsection.2.8.2}% 52
\BOOKMARK [3][-]{subsubsection.2.8.2.7}{\376\377\0002\000.\0008\000.\0002\000.\0007\000\040\000g\000e\000t\000T\000h\000e\000t\000a\000\050\000\051}{subsection.2.8.2}% 53
\BOOKMARK [3][-]{subsubsection.2.8.2.8}{\376\377\0002\000.\0008\000.\0002\000.\0008\000\040\000g\000e\000t\000T\000u\000b\000e\000i\000d\000x\000\050\000\051}{subsection.2.8.2}% 54
\BOOKMARK [0][-]{section*.13}{\376\377\000I\000n\000d\000e\000x}{}% 55
